[INFO] Scanning for projects...
[INFO] ------------------------------------------------------------------------
[INFO] Detecting the operating system and CPU architecture
[INFO] ------------------------------------------------------------------------
[INFO] os.detected.name: linux
[INFO] os.detected.arch: x86_64
[INFO] os.detected.version: 5.15
[INFO] os.detected.version.major: 5
[INFO] os.detected.version.minor: 15
[INFO] os.detected.release: ubuntu
[INFO] os.detected.release.version: 20.04
[INFO] os.detected.release.like.ubuntu: true
[INFO] os.detected.release.like.debian: true
[INFO] os.detected.classifier: linux-x86_64
[INFO] ------------------------------------------------------------------------
[INFO] Reactor Build Order:
[INFO] 
[INFO] Apache Ozone Integration Tests                                     [jar]
[INFO] Apache Ozone Mini Ozone Chaos Tests                                [jar]
[INFO] 
[INFO] --------------< org.apache.ozone:ozone-integration-test >---------------
[INFO] Building Apache Ozone Integration Tests 1.5.0-SNAPSHOT             [1/2]
[INFO]   from pom.xml
[INFO] --------------------------------[ jar ]---------------------------------
[INFO] 
[INFO] --- maven-antrun-plugin:3.1.0:run (create-testdirs) @ ozone-integration-test ---
[INFO] Executing tasks
[INFO]     [mkdir] Created dir: /home/runner/work/ozone/ozone/hadoop-ozone/integration-test/target/test-dir
[INFO] Executed tasks
[INFO] 
[INFO] --- maven-enforcer-plugin:3.4.1:enforce (depcheck) @ ozone-integration-test ---
[INFO] Rule 0: org.apache.maven.enforcer.rules.dependency.DependencyConvergence passed
[INFO] Rule 1: org.apache.maven.enforcer.rules.version.RequireMavenVersion passed
[INFO] Rule 2: org.apache.maven.enforcer.rules.version.RequireJavaVersion passed
[INFO] 
[INFO] --- jacoco-maven-plugin:0.8.5:prepare-agent (default-prepare-agent) @ ozone-integration-test ---
[INFO] argLine set to -javaagent:/home/runner/.m2/repository/org/jacoco/org.jacoco.agent/0.8.5/org.jacoco.agent-0.8.5-runtime.jar=destfile=/home/runner/work/ozone/ozone/hadoop-ozone/integration-test/target/jacoco.exec,includes=org.apache.hadoop.hdds.*:org.apache.hadoop.ozone.*:org.apache.hadoop.fs.ozone.*
[INFO] 
[INFO] --- maven-enforcer-plugin:3.4.1:enforce (banned-rocksdb-imports) @ ozone-integration-test ---
[INFO] Rule 0: org.apache.maven.plugins.enforcer.RestrictImports passed
[INFO] Rule 1: org.apache.maven.plugins.enforcer.RestrictImports passed
[INFO] Rule 2: org.apache.maven.plugins.enforcer.RestrictImports passed
[INFO] 
[INFO] --- maven-enforcer-plugin:3.4.1:enforce (ban-junit4-imports) @ ozone-integration-test ---
[INFO] Skipping Rule Enforcement.
[INFO] 
[INFO] --- maven-remote-resources-plugin:1.5:process (default) @ ozone-integration-test ---
[INFO] 
[INFO] --- maven-resources-plugin:3.1.0:resources (default-resources) @ ozone-integration-test ---
[INFO] Using 'UTF-8' encoding to copy filtered resources.
[INFO] skip non existing resourceDirectory /home/runner/work/ozone/ozone/hadoop-ozone/integration-test/src/main/resources
[INFO] Copying 2 resources
[INFO] 
[INFO] --- maven-compiler-plugin:3.9.0:compile (default-compile) @ ozone-integration-test ---
[INFO] No sources to compile
[INFO] 
[INFO] --- maven-resources-plugin:3.1.0:testResources (default-testResources) @ ozone-integration-test ---
[INFO] Using 'UTF-8' encoding to copy filtered resources.
[INFO] Copying 22 resources
[INFO] Copying 2 resources
[INFO] 
[INFO] --- maven-compiler-plugin:3.9.0:testCompile (default-testCompile) @ ozone-integration-test ---
[INFO] Compiling 307 source files to /home/runner/work/ozone/ozone/hadoop-ozone/integration-test/target/test-classes
[INFO] /home/runner/work/ozone/ozone/hadoop-ozone/integration-test/src/test/java/org/apache/hadoop/ozone/TestBlockTokens.java: Some input files use or override a deprecated API.
[INFO] /home/runner/work/ozone/ozone/hadoop-ozone/integration-test/src/test/java/org/apache/hadoop/ozone/TestBlockTokens.java: Recompile with -Xlint:deprecation for details.
[INFO] /home/runner/work/ozone/ozone/hadoop-ozone/integration-test/src/test/java/org/apache/hadoop/ozone/om/ratis/TestOzoneManagerRatisRequest.java: Some input files use unchecked or unsafe operations.
[INFO] /home/runner/work/ozone/ozone/hadoop-ozone/integration-test/src/test/java/org/apache/hadoop/ozone/om/ratis/TestOzoneManagerRatisRequest.java: Recompile with -Xlint:unchecked for details.
[INFO] 
[INFO] --- maven-surefire-plugin:3.2.2:test (default-test) @ ozone-integration-test ---
[INFO] Using auto detected provider org.apache.maven.surefire.junitplatform.JUnitPlatformProvider
[INFO] Using auto detected provider org.apache.maven.surefire.junitplatform.JUnitPlatformProvider
[INFO] 
[INFO] -------------------------------------------------------
[INFO]  T E S T S
[INFO] -------------------------------------------------------
[INFO] Running org.apache.hadoop.fs.ozone.TestOFSWithCacheOnly
[WARNING] Tests run: 52, Failures: 0, Errors: 0, Skipped: 1, Time elapsed: 39.65 s -- in org.apache.hadoop.fs.ozone.TestOFSWithCacheOnly
[INFO] Running org.apache.hadoop.fs.ozone.TestOzoneFSWithObjectStoreCreate
[INFO] Tests run: 6, Failures: 0, Errors: 0, Skipped: 0, Time elapsed: 25.10 s -- in org.apache.hadoop.fs.ozone.TestOzoneFSWithObjectStoreCreate
[INFO] Running org.apache.hadoop.fs.ozone.TestO3FSWithFSOAndOMRatis
[WARNING] Tests run: 63, Failures: 0, Errors: 0, Skipped: 9, Time elapsed: 37.22 s -- in org.apache.hadoop.fs.ozone.TestO3FSWithFSOAndOMRatis
[INFO] Running org.apache.hadoop.fs.ozone.TestOFSWithFSOAndOMRatisAndCacheOnly
[WARNING] Tests run: 56, Failures: 0, Errors: 0, Skipped: 10, Time elapsed: 44.88 s -- in org.apache.hadoop.fs.ozone.TestOFSWithFSOAndOMRatisAndCacheOnly
[INFO] Running org.apache.hadoop.fs.ozone.TestOzoneFSInputStream
[INFO] Tests run: 5, Failures: 0, Errors: 0, Skipped: 0, Time elapsed: 32.22 s -- in org.apache.hadoop.fs.ozone.TestOzoneFSInputStream
[INFO] Running org.apache.hadoop.fs.ozone.TestOzoneFileSystemMissingParent
[INFO] Tests run: 2, Failures: 0, Errors: 0, Skipped: 0, Time elapsed: 22.51 s -- in org.apache.hadoop.fs.ozone.TestOzoneFileSystemMissingParent
[INFO] Running org.apache.hadoop.fs.ozone.TestOFS
[WARNING] Tests run: 52, Failures: 0, Errors: 0, Skipped: 1, Time elapsed: 47.62 s -- in org.apache.hadoop.fs.ozone.TestOFS
[INFO] Running org.apache.hadoop.fs.ozone.TestOzoneFSBucketLayout
[INFO] Tests run: 5, Failures: 0, Errors: 0, Skipped: 0, Time elapsed: 23.35 s -- in org.apache.hadoop.fs.ozone.TestOzoneFSBucketLayout
[INFO] Running org.apache.hadoop.fs.ozone.TestO3FSWithFSPathsAndOMRatis
[INFO] Tests run: 55, Failures: 0, Errors: 0, Skipped: 0, Time elapsed: 43.52 s -- in org.apache.hadoop.fs.ozone.TestO3FSWithFSPathsAndOMRatis
[INFO] Running org.apache.hadoop.fs.ozone.TestOzoneFsHAURLs
[INFO] Tests run: 3, Failures: 0, Errors: 0, Skipped: 0, Time elapsed: 27.19 s -- in org.apache.hadoop.fs.ozone.TestOzoneFsHAURLs
[INFO] Running org.apache.hadoop.fs.ozone.TestRootedDDSWithFSO
[INFO] Tests run: 1, Failures: 0, Errors: 0, Skipped: 0, Time elapsed: 25.25 s -- in org.apache.hadoop.fs.ozone.TestRootedDDSWithFSO
[INFO] Running org.apache.hadoop.fs.ozone.TestOzoneFileSystemMetrics
[INFO] Tests run: 3, Failures: 0, Errors: 0, Skipped: 0, Time elapsed: 27.47 s -- in org.apache.hadoop.fs.ozone.TestOzoneFileSystemMetrics
[INFO] Running org.apache.hadoop.fs.ozone.TestO3FS
[INFO] Tests run: 55, Failures: 0, Errors: 0, Skipped: 0, Time elapsed: 41.18 s -- in org.apache.hadoop.fs.ozone.TestO3FS
[INFO] Running org.apache.hadoop.fs.ozone.TestO3FSWithFSO
[WARNING] Tests run: 63, Failures: 0, Errors: 0, Skipped: 9, Time elapsed: 35.28 s -- in org.apache.hadoop.fs.ozone.TestO3FSWithFSO
[INFO] Running org.apache.hadoop.fs.ozone.TestHSync
[INFO] Tests run: 9, Failures: 0, Errors: 0, Skipped: 0, Time elapsed: 158.2 s -- in org.apache.hadoop.fs.ozone.TestHSync
[INFO] Running org.apache.hadoop.fs.ozone.TestOzoneFileChecksum
[INFO] Tests run: 6, Failures: 0, Errors: 0, Skipped: 0, Time elapsed: 154.6 s -- in org.apache.hadoop.fs.ozone.TestOzoneFileChecksum
[INFO] Running org.apache.hadoop.fs.ozone.TestOFSWithFSPathsAndOMRatisAndCacheOnly
[WARNING] Tests run: 52, Failures: 0, Errors: 0, Skipped: 4, Time elapsed: 42.92 s -- in org.apache.hadoop.fs.ozone.TestOFSWithFSPathsAndOMRatisAndCacheOnly
[INFO] Running org.apache.hadoop.fs.ozone.TestOzoneFsSnapshot
[INFO] Tests run: 18, Failures: 0, Errors: 0, Skipped: 0, Time elapsed: 27.93 s -- in org.apache.hadoop.fs.ozone.TestOzoneFsSnapshot
[INFO] Running org.apache.hadoop.fs.ozone.TestOzoneFileSystemPrefixParser
[INFO] Tests run: 1, Failures: 0, Errors: 0, Skipped: 0, Time elapsed: 24.01 s -- in org.apache.hadoop.fs.ozone.TestOzoneFileSystemPrefixParser
[INFO] Running org.apache.hadoop.fs.ozone.TestOFSWithFSOAndOMRatis
[WARNING] Tests run: 56, Failures: 0, Errors: 0, Skipped: 10, Time elapsed: 52.04 s -- in org.apache.hadoop.fs.ozone.TestOFSWithFSOAndOMRatis
[INFO] Running org.apache.hadoop.fs.ozone.TestOFSWithFSO
[WARNING] Tests run: 56, Failures: 0, Errors: 0, Skipped: 10, Time elapsed: 49.81 s -- in org.apache.hadoop.fs.ozone.TestOFSWithFSO
[INFO] Running org.apache.hadoop.fs.ozone.TestOFSWithFSOAndCacheOnly
[WARNING] Tests run: 56, Failures: 0, Errors: 0, Skipped: 10, Time elapsed: 40.76 s -- in org.apache.hadoop.fs.ozone.TestOFSWithFSOAndCacheOnly
[INFO] Running org.apache.hadoop.fs.ozone.TestO3FSWithOMRatis
[INFO] Tests run: 55, Failures: 0, Errors: 0, Skipped: 0, Time elapsed: 43.22 s -- in org.apache.hadoop.fs.ozone.TestO3FSWithOMRatis
[INFO] Running org.apache.hadoop.fs.ozone.TestDirectoryDeletingServiceWithFSO
[INFO] Tests run: 5, Failures: 0, Errors: 0, Skipped: 0, Time elapsed: 48.93 s -- in org.apache.hadoop.fs.ozone.TestDirectoryDeletingServiceWithFSO
[INFO] Running org.apache.hadoop.fs.ozone.TestOFSWithOMRatis
[WARNING] Tests run: 52, Failures: 0, Errors: 0, Skipped: 1, Time elapsed: 52.11 s -- in org.apache.hadoop.fs.ozone.TestOFSWithOMRatis
[INFO] Running org.apache.hadoop.fs.ozone.TestLeaseRecovery
[INFO] Tests run: 2, Failures: 0, Errors: 0, Skipped: 0, Time elapsed: 40.26 s -- in org.apache.hadoop.fs.ozone.TestLeaseRecovery
[INFO] Running org.apache.hadoop.fs.ozone.TestOzoneFileSystemWithStreaming
